<?xml version="1.0" encoding="UTF-8"?>
<!-- Generated by org.testng.reporters.JUnitXMLReporter -->
<testsuite ignored="3" hostname="LTIN464257" failures="0" tests="1" name="Default test" time="5.355" errors="0" timestamp="2024-07-29T23:42:19 IST">
  <testcase classname="soapService.Soap_Test" name="soapPostUsingFileObj" time="5.236"/>
  <testcase classname="soapService.Soap_Test" name="soapListCountries" time="0.0">
    <ignored/>
  </testcase> <!-- soapListCountries -->
  <testcase classname="soapService.Soap_Test" name="soapNumberToDollars" time="0.0">
    <ignored/>
  </testcase> <!-- soapNumberToDollars -->
  <testcase classname="soapService.Soap_Test" name="soapPost" time="0.0">
    <ignored/>
  </testcase> <!-- soapPost -->
</testsuite> <!-- Default test -->
