<?xml version="1.0" encoding="UTF-8"?>
<testng-results ignored="3" total="4" passed="1" failed="0" skipped="0">
  <reporter-output>
  </reporter-output>
  <suite started-at="2024-07-29T23:42:14 IST" name="Default suite" finished-at="2024-07-29T23:42:19 IST" duration-ms="5355">
    <groups>
    </groups>
    <test started-at="2024-07-29T23:42:14 IST" name="Default test" finished-at="2024-07-29T23:42:19 IST" duration-ms="5355">
      <class name="soapService.Soap_Test">
        <test-method signature="soapPostUsingFileObj()[pri:0, instance:soapService.Soap_Test@43bc63a3]" started-at="2024-07-29T23:42:14 IST" name="soapPostUsingFileObj" finished-at="2024-07-29T23:42:19 IST" duration-ms="5236" status="PASS">
          <reporter-output>
          </reporter-output>
        </test-method> <!-- soapPostUsingFileObj -->
      </class> <!-- soapService.Soap_Test -->
    </test> <!-- Default test -->
  </suite> <!-- Default suite -->
</testng-results>
